<?xml version="1.0" encoding="UTF-8"?>
<testExecutions version="1">
  <file path="C:\Users\jhona\Documents\www\Facul\angular-jest-sonarqube\src\app\shared\layout\menu\menu.component.spec.ts">
    <testCase name="MenuComponent Iniciar component" duration="4"/>
  </file>
  <file path="C:\Users\jhona\Documents\www\Facul\angular-jest-sonarqube\src\app\shared\layout\sidenav-menu\sidenav-menu.component.spec.ts">
    <testCase name="SidenavMenuComponent Iniciar component" duration="6"/>
  </file>
  <file path="C:\Users\jhona\Documents\www\Facul\angular-jest-sonarqube\src\app\core\services\grupo.service.spec.ts">
    <testCase name="GrupoService Iniciar service" duration="53"/>
    <testCase name="GrupoService #getUsers should return an Observable&lt;User[]&gt;" duration="20"/>
  </file>
  <file path="C:\Users\jhona\Documents\www\Facul\angular-jest-sonarqube\src\app\core\services\user.service.spec.ts">
    <testCase name="UsuarioService Iniciar service" duration="32"/>
    <testCase name="UsuarioService #getUsers should return an Observable&lt;User[]&gt;" duration="14"/>
  </file>
  <file path="C:\Users\jhona\Documents\www\Facul\angular-jest-sonarqube\src\app\pages\dashboard\dashboard.component.spec.ts">
    <testCase name="DashboardComponent Iniciar component" duration="8"/>
    <testCase name="DashboardComponent Iniciar component" duration="5"/>
    <testCase name="DashboardComponent Bsucar informações da tela Pegar os usuários" duration="1"/>
    <testCase name="DashboardComponent Bsucar informações da tela Pegar os grupos" duration="1"/>
  </file>
  <file path="C:\Users\jhona\Documents\www\Facul\angular-jest-sonarqube\src\app\pages\grupo\listagem-grupo\listagem-grupo.component.spec.ts">
    <testCase name="ListagemGrupoComponent Testando as dependencias do componente Iniciar component" duration="7"/>
    <testCase name="ListagemGrupoComponent Testando as dependencias do componente Ativar spinner" duration="1"/>
    <testCase name="ListagemGrupoComponent Testando as dependencias do componente Desativar spinner" duration="1"/>
    <testCase name="ListagemGrupoComponent Testando as dependencias do componente Depois de iniciar o component" duration="1"/>
    <testCase name="ListagemGrupoComponent Testando as chamadas para services Verifica a chamada de buscar os usuarios" duration="1"/>
    <testCase name="ListagemGrupoComponent Pegar os usuários" duration="1"/>
    <testCase name="ListagemGrupoComponent Testar Paginação" duration="0"/>
  </file>
  <file path="C:\Users\jhona\Documents\www\Facul\angular-jest-sonarqube\src\app\pages\usuario\listagem-usuarios\listagem-usuarios.component.spec.ts">
    <testCase name="ListagemUsuarioComponent Testando as dependencias do componente Iniciar component" duration="7"/>
    <testCase name="ListagemUsuarioComponent Testando as dependencias do componente Ativar spinner" duration="1"/>
    <testCase name="ListagemUsuarioComponent Testando as dependencias do componente Desativar spinner" duration="0"/>
    <testCase name="ListagemUsuarioComponent Testando as dependencias do componente Depois de iniciar o component" duration="1"/>
    <testCase name="ListagemUsuarioComponent Testando as chamadas para services Verifica a chamada de buscar os usuarios" duration="1"/>
    <testCase name="ListagemUsuarioComponent Testando as chamadas para services Editar Usuário" duration="1"/>
    <testCase name="ListagemUsuarioComponent Pegar os usuários" duration="1"/>
    <testCase name="ListagemUsuarioComponent Testar Paginação" duration="1"/>
  </file>
</testExecutions>